<?xml version="1.0" encoding="UTF-8"?>
<!-- Generated by org.testng.reporters.JUnitXMLReporter -->
<testsuite hostname="DESKTOP-B1AQU68" ignored="0" name="Default test" tests="3" failures="0" timestamp="16 Jan 2021 08:21:06 GMT" time="149.239" errors="0">
  <testcase name="sign" time="51.149" classname="org.demoo.MainClass"/>
  <testcase name="sign1" time="40.407" classname="org.demoo.MainClass"/>
  <testcase name="sign3" time="43.091" classname="org.demoo.MainClass"/>
</testsuite> <!-- Default test -->
