<?xml version="1.0" encoding="UTF-8"?>
<testng-results skipped="0" failed="0" ignored="0" total="3" passed="3">
  <reporter-output>
  </reporter-output>
  <suite name="Default suite" duration-ms="149239" started-at="2021-01-16T08:18:37Z" finished-at="2021-01-16T08:21:06Z">
    <groups>
    </groups>
    <test name="Default test" duration-ms="149239" started-at="2021-01-16T08:18:37Z" finished-at="2021-01-16T08:21:06Z">
      <class name="org.demoo.MainClass">
        <test-method status="PASS" signature="browser()[pri:0, instance:org.demoo.MainClass@5ccddd20]" name="browser" is-config="true" duration-ms="13148" started-at="2021-01-16T08:18:37Z" finished-at="2021-01-16T08:18:50Z">
          <reporter-output>
          </reporter-output>
        </test-method> <!-- browser -->
        <test-method status="PASS" signature="sign()[pri:0, instance:org.demoo.MainClass@5ccddd20]" name="sign" duration-ms="51149" started-at="2021-01-16T08:18:50Z" finished-at="2021-01-16T08:19:41Z">
          <reporter-output>
          </reporter-output>
        </test-method> <!-- sign -->
        <test-method status="PASS" signature="sign1()[pri:0, instance:org.demoo.MainClass@5ccddd20]" name="sign1" duration-ms="40407" started-at="2021-01-16T08:19:41Z" finished-at="2021-01-16T08:20:22Z">
          <reporter-output>
          </reporter-output>
        </test-method> <!-- sign1 -->
        <test-method status="PASS" signature="sign3()[pri:0, instance:org.demoo.MainClass@5ccddd20]" name="sign3" duration-ms="43091" started-at="2021-01-16T08:20:22Z" finished-at="2021-01-16T08:21:05Z">
          <reporter-output>
          </reporter-output>
        </test-method> <!-- sign3 -->
        <test-method status="PASS" signature="quit()[pri:0, instance:org.demoo.MainClass@5ccddd20]" name="quit" is-config="true" duration-ms="1367" started-at="2021-01-16T08:21:05Z" finished-at="2021-01-16T08:21:06Z">
          <reporter-output>
          </reporter-output>
        </test-method> <!-- quit -->
      </class> <!-- org.demoo.MainClass -->
    </test> <!-- Default test -->
  </suite> <!-- Default suite -->
</testng-results>
